Using pre-set license
Built from '2021.1/staging' branch; Version is '2021.1.17f1 (03b40fe07a36) revision 242703'; Using compiler version '192528614'; Build Type 'Release'
OS: 'Windows 10 Home; OS build 19042.1165; Version 2009; 64bit' Language: 'en' Physical Memory: 32702 MB
BatchMode: 1, IsHumanControllingUs: 0, StartBugReporterOnCrash: 0, Is64bit: 1, IsPro: 0

 COMMAND LINE ARGUMENTS:
C:\Program Files\Unity\Hub\Editor\2021.1.17f1\Editor\Unity.exe
-adb2
-batchMode
-noUpm
-name
AssetImportWorker0
-projectPath
C:/Users/DukeOfHounds/Desktop/Cathulu-but-in-Space/CathuluButInSpace
-logFile
Logs/AssetImportWorker0.log
-srvPort
58626
Successfully changed project path to: C:/Users/DukeOfHounds/Desktop/Cathulu-but-in-Space/CathuluButInSpace
C:/Users/DukeOfHounds/Desktop/Cathulu-but-in-Space/CathuluButInSpace
Using Asset Import Pipeline V2.
Refreshing native plugins compatible for Editor in 72.63 ms, found 3 plugins.
Preloading 0 native plugins for Editor in 0.00 ms.
Initialize engine version: 2021.1.17f1 (03b40fe07a36)
[Subsystems] Discovering subsystems at path C:/Program Files/Unity/Hub/Editor/2021.1.17f1/Editor/Data/Resources/UnitySubsystems
[Subsystems] Discovering subsystems at path C:/Users/DukeOfHounds/Desktop/Cathulu-but-in-Space/CathuluButInSpace/Assets
GfxDevice: creating device client; threaded=0; jobified=0
Direct3D:
    Version:  Direct3D 11.0 [level 11.1]
    Renderer: NVIDIA GeForce RTX 3070 (ID=0x2484)
    Vendor:   NVIDIA
    VRAM:     8043 MB
    Driver:   30.0.14.7168
Initialize mono
Mono path[0] = 'C:/Program Files/Unity/Hub/Editor/2021.1.17f1/Editor/Data/Managed'
Mono path[1] = 'C:/Program Files/Unity/Hub/Editor/2021.1.17f1/Editor/Data/MonoBleedingEdge/lib/mono/unityjit'
Mono config path = 'C:/Program Files/Unity/Hub/Editor/2021.1.17f1/Editor/Data/MonoBleedingEdge/etc'
Using monoOptions --debugger-agent=transport=dt_socket,embedding=1,server=y,suspend=n,address=127.0.0.1:56360
Begin MonoManager ReloadAssembly
Registering precompiled unity dll's ...
Register platform support module: C:/Program Files/Unity/Hub/Editor/2021.1.17f1/Editor/Data/PlaybackEngines/WindowsStandaloneSupport/UnityEditor.WindowsStandalone.Extensions.dll
Registered in 0.001468 seconds.
Native extension for WindowsStandalone target not found
Refreshing native plugins compatible for Editor in 73.46 ms, found 3 plugins.
Preloading 0 native plugins for Editor in 0.00 ms.
Mono: successfully reloaded assembly
- Completed reload, in  0.936 seconds
Domain Reload Profiling:
	ReloadAssembly (936ms)
		BeginReloadAssembly (52ms)
			ExecutionOrderSort (0ms)
			DisableScriptedObjects (0ms)
			BackupInstance (0ms)
			ReleaseScriptingObjects (0ms)
			CreateAndSetChildDomain (1ms)
		EndReloadAssembly (376ms)
			LoadAssemblies (50ms)
			RebuildTransferFunctionScriptingTraits (0ms)
			SetupTypeCache (129ms)
			ReleaseScriptCaches (0ms)
			RebuildScriptCaches (24ms)
			SetupLoadedEditorAssemblies (186ms)
				LogAssemblyErrors (0ms)
				InitializePlatformSupportModulesInManaged (5ms)
				SetLoadedEditorAssemblies (0ms)
				RefreshPlugins (74ms)
				BeforeProcessingInitializeOnLoad (1ms)
				ProcessInitializeOnLoadAttributes (81ms)
				ProcessInitializeOnLoadMethodAttributes (25ms)
				AfterProcessingInitializeOnLoad (0ms)
				EditorAssembliesLoaded (0ms)
			ExecutionOrderSort2 (0ms)
			AwakeInstancesAfterBackupRestoration (0ms)
Platform modules already initialized, skipping
Registering precompiled user dll's ...
Registered in 0.005343 seconds.
Begin MonoManager ReloadAssembly
Native extension for WindowsStandalone target not found
Refreshing native plugins compatible for Editor in 76.63 ms, found 3 plugins.
Preloading 0 native plugins for Editor in 0.00 ms.
Mono: successfully reloaded assembly
- Completed reload, in  1.089 seconds
Domain Reload Profiling:
	ReloadAssembly (1090ms)
		BeginReloadAssembly (125ms)
			ExecutionOrderSort (0ms)
			DisableScriptedObjects (4ms)
			BackupInstance (0ms)
			ReleaseScriptingObjects (0ms)
			CreateAndSetChildDomain (16ms)
		EndReloadAssembly (917ms)
			LoadAssemblies (76ms)
			RebuildTransferFunctionScriptingTraits (0ms)
			SetupTypeCache (291ms)
			ReleaseScriptCaches (1ms)
			RebuildScriptCaches (44ms)
			SetupLoadedEditorAssemblies (431ms)
				LogAssemblyErrors (0ms)
				InitializePlatformSupportModulesInManaged (3ms)
				SetLoadedEditorAssemblies (0ms)
				RefreshPlugins (77ms)
				BeforeProcessingInitializeOnLoad (61ms)
				ProcessInitializeOnLoadAttributes (281ms)
				ProcessInitializeOnLoadMethodAttributes (4ms)
				AfterProcessingInitializeOnLoad (5ms)
				EditorAssembliesLoaded (0ms)
			ExecutionOrderSort2 (0ms)
			AwakeInstancesAfterBackupRestoration (5ms)
Platform modules already initialized, skipping
========================================================================
Worker process is ready to serve import requests
Launched and connected shader compiler UnityShaderCompiler.exe after 0.05 seconds
Refreshing native plugins compatible for Editor in 0.56 ms, found 3 plugins.
Preloading 0 native plugins for Editor in 0.00 ms.
Unloading 3406 Unused Serialized files (Serialized files now loaded: 0)
System memory in use before: 124.1 MB.
System memory in use after: 124.3 MB.

Unloading 25 unused Assets to reduce memory usage. Loaded Objects now: 3853.
Total: 2.996900 ms (FindLiveObjects: 0.237400 ms CreateObjectMapping: 0.109300 ms MarkObjects: 2.604500 ms  DeleteObjects: 0.044900 ms)

AssetImportParameters requested are different than current active one (requested -> active):
  custom:framework-win-MediaFoundation: 216162199b28c13a410421893ffa2e32 -> 
  custom:video-decoder-ogg-theora: a1e56fd34408186e4bbccfd4996cb3dc -> 
  custom:container-muxer-webm: aa71ff27fc2769a1b78a27578f13a17b -> 
  custom:container-demuxer-webm: 4f35f7cbe854078d1ac9338744f61a02 -> 
  custom:container-demuxer-ogg: 62fdf1f143b41e24485cea50d1cbac27 -> 
  custom:video-encoder-webm-vp8: eb34c28f22e8b96e1ab97ce403110664 -> 
  custom:video-decoder-webm-vp8: 9c59270c3fd7afecdb556c50c9e8de78 -> 
  custom:audio-decoder-ogg-vorbis: bf7c407c2cedff20999df2af8eb42d56 -> 
  custom:audio-encoder-webm-vorbis: bf7c407c2cedff20999df2af8eb42d56 -> 
========================================================================
Received Import Request.
  path: Assets/Models/Materials/DeepSpaceSkyboxPack/GalaxyFire/Textures/down_galaxyfire.tif
  artifactKey: Guid(03557cb833a29514e809fe3121c3b04d) Importer(2089858483,934ff659095e30574adcf32a4c2f97b5)
Start importing Assets/Models/Materials/DeepSpaceSkyboxPack/GalaxyFire/Textures/down_galaxyfire.tif using Guid(03557cb833a29514e809fe3121c3b04d) Importer(2089858483,934ff659095e30574adcf32a4c2f97b5)  -> (artifact id: 'a6043a3be4d405c7c5abac427ae2c2da') in 0.060937 seconds 
========================================================================
Received Import Request.
  Time since last request: 0.000179 seconds.
  path: Assets/Models/Materials/DeepSpaceSkyboxPack/DiverseSpace/Material/DiverseSpaceMaterial.mat
  artifactKey: Guid(a4be220830e90ea4eb88b48b7fd376ce) Importer(2089858483,934ff659095e30574adcf32a4c2f97b5)
Start importing Assets/Models/Materials/DeepSpaceSkyboxPack/DiverseSpace/Material/DiverseSpaceMaterial.mat using Guid(a4be220830e90ea4eb88b48b7fd376ce) Importer(2089858483,934ff659095e30574adcf32a4c2f97b5)  -> (artifact id: 'f5434d10caeb8dff21402cb750ee0032') in 0.011386 seconds 
========================================================================
Received Import Request.
  Time since last request: 0.000126 seconds.
  path: Assets/Scripts/AsteroidGenerator.cs
  artifactKey: Guid(b1c44bff2d9c1b240807fb87ef5eb748) Importer(2089858483,934ff659095e30574adcf32a4c2f97b5)
Start importing Assets/Scripts/AsteroidGenerator.cs using Guid(b1c44bff2d9c1b240807fb87ef5eb748) Importer(2089858483,934ff659095e30574adcf32a4c2f97b5)  -> (artifact id: 'e86bfd4a655d269b2fd6f5096e116ba3') in 0.007990 seconds 
========================================================================
Received Import Request.
  Time since last request: 0.000201 seconds.
  path: Assets/Models/Materials/DeepSpaceSkyboxPack/DiverseSpace/Textures/diversespace-up.tif
  artifactKey: Guid(bccfe129d6c46dd42a2332a24a0ea3cc) Importer(2089858483,934ff659095e30574adcf32a4c2f97b5)
Start importing Assets/Models/Materials/DeepSpaceSkyboxPack/DiverseSpace/Textures/diversespace-up.tif using Guid(bccfe129d6c46dd42a2332a24a0ea3cc) Importer(2089858483,934ff659095e30574adcf32a4c2f97b5)  -> (artifact id: '5e432e4609792c926bd913d157f58f40') in 0.007713 seconds 
========================================================================
Received Import Request.
  Time since last request: 0.000120 seconds.
  path: Assets/Models/Materials/DeepSpaceSkyboxPack/DiverseSpace/Textures/diversespace-left.tif
  artifactKey: Guid(608a51bfce29a174aa86b692c9ff38b3) Importer(2089858483,934ff659095e30574adcf32a4c2f97b5)
Start importing Assets/Models/Materials/DeepSpaceSkyboxPack/DiverseSpace/Textures/diversespace-left.tif using Guid(608a51bfce29a174aa86b692c9ff38b3) Importer(2089858483,934ff659095e30574adcf32a4c2f97b5)  -> (artifact id: '56aaf0e97fb226b37929b94d0737f436') in 0.007670 seconds 
========================================================================
Received Import Request.
  Time since last request: 0.000159 seconds.
  path: Assets/Models/Materials/DeepSpaceSkyboxPack/GalacticGreen/Galactic Green Skybox Readme.txt
  artifactKey: Guid(eb02bb8cc0a93934b9973a75964dc501) Importer(2089858483,934ff659095e30574adcf32a4c2f97b5)
Start importing Assets/Models/Materials/DeepSpaceSkyboxPack/GalacticGreen/Galactic Green Skybox Readme.txt using Guid(eb02bb8cc0a93934b9973a75964dc501) Importer(2089858483,934ff659095e30574adcf32a4c2f97b5)  -> (artifact id: 'eb7edb50ccb61fd0f74ea78fc0368cc7') in 0.011516 seconds 
========================================================================
Received Import Request.
  Time since last request: 0.000185 seconds.
  path: Assets/Models/Materials/DeepSpaceSkyboxPack/DiverseSpace/Diverse Space Skybox Readme.txt
  artifactKey: Guid(0878d65f7c41c42e5856cbe16888f23f) Importer(2089858483,934ff659095e30574adcf32a4c2f97b5)
Start importing Assets/Models/Materials/DeepSpaceSkyboxPack/DiverseSpace/Diverse Space Skybox Readme.txt using Guid(0878d65f7c41c42e5856cbe16888f23f) Importer(2089858483,934ff659095e30574adcf32a4c2f97b5)  -> (artifact id: 'e5d168352d8193a1501856e3dddadf61') in 0.006709 seconds 
========================================================================
Received Import Request.
  Time since last request: 0.000111 seconds.
  path: Assets/Models/Materials/DeepSpaceSkyboxPack/DiverseSpace/Textures/diversespace-right.tif
  artifactKey: Guid(b83ed05e17bb80a4d960bfc607d24c45) Importer(2089858483,934ff659095e30574adcf32a4c2f97b5)
Start importing Assets/Models/Materials/DeepSpaceSkyboxPack/DiverseSpace/Textures/diversespace-right.tif using Guid(b83ed05e17bb80a4d960bfc607d24c45) Importer(2089858483,934ff659095e30574adcf32a4c2f97b5)  -> (artifact id: '7651cb1b1b03dc39cabc03a37ae711cb') in 0.007630 seconds 
========================================================================
Received Import Request.
  Time since last request: 0.000155 seconds.
  path: Assets/Models/Materials/DeepSpaceSkyboxPack/GalacticGreen/Textures/galacticgreen-back.tif
  artifactKey: Guid(b20eb548526e25d4cab43ed7115f68c6) Importer(2089858483,934ff659095e30574adcf32a4c2f97b5)
Start importing Assets/Models/Materials/DeepSpaceSkyboxPack/GalacticGreen/Textures/galacticgreen-back.tif using Guid(b20eb548526e25d4cab43ed7115f68c6) Importer(2089858483,934ff659095e30574adcf32a4c2f97b5)  -> (artifact id: '24834786409877579312fedd34446452') in 0.007601 seconds 
========================================================================
Received Import Request.
  Time since last request: 0.000155 seconds.
  path: Assets/Models/Materials/DeepSpaceSkyboxPack/DiverseSpace/Textures/diversespace-back.tif
  artifactKey: Guid(5aaf7cd74552c9440b96748a185216d0) Importer(2089858483,934ff659095e30574adcf32a4c2f97b5)
Start importing Assets/Models/Materials/DeepSpaceSkyboxPack/DiverseSpace/Textures/diversespace-back.tif using Guid(5aaf7cd74552c9440b96748a185216d0) Importer(2089858483,934ff659095e30574adcf32a4c2f97b5)  -> (artifact id: '43394cbc37373677162ae0180b3e381e') in 0.007159 seconds 
========================================================================
Received Import Request.
  Time since last request: 0.000149 seconds.
  path: Assets/Models/Materials/DeepSpaceSkyboxPack/GalacticGreen/Textures/galacticgreen_left.tif
  artifactKey: Guid(484552bdb42439747995db240af61c48) Importer(2089858483,934ff659095e30574adcf32a4c2f97b5)
Start importing Assets/Models/Materials/DeepSpaceSkyboxPack/GalacticGreen/Textures/galacticgreen_left.tif using Guid(484552bdb42439747995db240af61c48) Importer(2089858483,934ff659095e30574adcf32a4c2f97b5)  -> (artifact id: '46ef058246a7c44d5edfc166fc2bb12e') in 0.007886 seconds 
========================================================================
Received Import Request.
  Time since last request: 0.000211 seconds.
  path: Assets/Models/Materials/DeepSpaceSkyboxPack/GalaxyFire/Textures/up_galaxyfire.tif
  artifactKey: Guid(e5aaf30e569994d4ab3e49689e74b63f) Importer(2089858483,934ff659095e30574adcf32a4c2f97b5)
Start importing Assets/Models/Materials/DeepSpaceSkyboxPack/GalaxyFire/Textures/up_galaxyfire.tif using Guid(e5aaf30e569994d4ab3e49689e74b63f) Importer(2089858483,934ff659095e30574adcf32a4c2f97b5)  -> (artifact id: '243d549f299337beea8f8719b03f4e70') in 0.006584 seconds 
========================================================================
Received Import Request.
  Time since last request: 0.000142 seconds.
  path: Assets/Models/Materials/DeepSpaceSkyboxPack/GalacticGreen/Textures/galacticgreen-up.tif
  artifactKey: Guid(3eaf8afd3a146b2458ec5217fc7d6ceb) Importer(2089858483,934ff659095e30574adcf32a4c2f97b5)
Start importing Assets/Models/Materials/DeepSpaceSkyboxPack/GalacticGreen/Textures/galacticgreen-up.tif using Guid(3eaf8afd3a146b2458ec5217fc7d6ceb) Importer(2089858483,934ff659095e30574adcf32a4c2f97b5)  -> (artifact id: '666a9c840efac95cc630ec1db7a18fbc') in 0.007009 seconds 
========================================================================
Received Import Request.
  Time since last request: 0.000162 seconds.
  path: Assets/Models/Materials/Skybox_Mat.mat
  artifactKey: Guid(0ffaa0b7117ba8c47a9d05ae701d4b4d) Importer(2089858483,934ff659095e30574adcf32a4c2f97b5)
Start importing Assets/Models/Materials/Skybox_Mat.mat using Guid(0ffaa0b7117ba8c47a9d05ae701d4b4d) Importer(2089858483,934ff659095e30574adcf32a4c2f97b5)  -> (artifact id: '0a0065cf62d4cff0164543657c386663') in 0.006207 seconds 
========================================================================
Received Import Request.
  Time since last request: 0.000208 seconds.
  path: Assets/Models/Materials/DeepSpaceSkyboxPack/GalaxyFire/Textures/right_galaxyfire.tif
  artifactKey: Guid(e85bb475092c7bc40aa16839048d5339) Importer(2089858483,934ff659095e30574adcf32a4c2f97b5)
Start importing Assets/Models/Materials/DeepSpaceSkyboxPack/GalaxyFire/Textures/right_galaxyfire.tif using Guid(e85bb475092c7bc40aa16839048d5339) Importer(2089858483,934ff659095e30574adcf32a4c2f97b5)  -> (artifact id: '7e26befc7e73e5260d0ce504a1a5f565') in 0.008144 seconds 
========================================================================
Received Import Request.
  Time since last request: 0.000175 seconds.
  path: Assets/Scripts/Spaceship.cs
  artifactKey: Guid(56b9a412a27496942814394945face93) Importer(2089858483,934ff659095e30574adcf32a4c2f97b5)
Start importing Assets/Scripts/Spaceship.cs using Guid(56b9a412a27496942814394945face93) Importer(2089858483,934ff659095e30574adcf32a4c2f97b5)  -> (artifact id: '7e742350f80903e182565bbc390fe66e') in 0.006576 seconds 
========================================================================
Received Import Request.
  Time since last request: 0.000171 seconds.
  path: Assets/Models/Materials/DeepSpaceSkyboxPack/GalacticGreen/Textures/galacticgreen-front.tif
  artifactKey: Guid(fd076a6dda0fdb942b4954a21b68d4df) Importer(2089858483,934ff659095e30574adcf32a4c2f97b5)
Start importing Assets/Models/Materials/DeepSpaceSkyboxPack/GalacticGreen/Textures/galacticgreen-front.tif using Guid(fd076a6dda0fdb942b4954a21b68d4df) Importer(2089858483,934ff659095e30574adcf32a4c2f97b5)  -> (artifact id: '1285108371783ad10e3c8115b66084b5') in 0.007794 seconds 
========================================================================
Received Import Request.
  Time since last request: 0.000144 seconds.
  path: Assets/Scripts/MissleControl.cs
  artifactKey: Guid(830d41651cf48fe4bb453e42f3610da2) Importer(2089858483,934ff659095e30574adcf32a4c2f97b5)
Start importing Assets/Scripts/MissleControl.cs using Guid(830d41651cf48fe4bb453e42f3610da2) Importer(2089858483,934ff659095e30574adcf32a4c2f97b5)  -> (artifact id: 'f3e5ab5b98f087fbb4c5c45d775852a3') in 0.006743 seconds 
========================================================================
Received Import Request.
  Time since last request: 0.000183 seconds.
  path: Assets/Models/Materials/DeepSpaceSkyboxPack/GalaxyFire/Textures/back_galaxyfire.tif
  artifactKey: Guid(4bcc09e8d515d584b86b8ec5c19e8b3f) Importer(2089858483,934ff659095e30574adcf32a4c2f97b5)
Start importing Assets/Models/Materials/DeepSpaceSkyboxPack/GalaxyFire/Textures/back_galaxyfire.tif using Guid(4bcc09e8d515d584b86b8ec5c19e8b3f) Importer(2089858483,934ff659095e30574adcf32a4c2f97b5)  -> (artifact id: '0fc34053583af72233a6b4eccf92f83a') in 0.006559 seconds 
========================================================================
Received Import Request.
  Time since last request: 0.000127 seconds.
  path: Assets/PlayerControls.inputactions
  artifactKey: Guid(57a91a28d857e074cb76744cf61f070b) Importer(2089858483,934ff659095e30574adcf32a4c2f97b5)
Start importing Assets/PlayerControls.inputactions using Guid(57a91a28d857e074cb76744cf61f070b) Importer(2089858483,934ff659095e30574adcf32a4c2f97b5)  -> (artifact id: 'b3df32ddb2e46e04a52bb42bfd9e2362') in 0.019932 seconds 
========================================================================
Received Import Request.
  Time since last request: 0.000116 seconds.
  path: Assets/Models/cthulhu.fbx
  artifactKey: Guid(595248dccbaf4d145b8c4ad4ce2eba64) Importer(2089858483,934ff659095e30574adcf32a4c2f97b5)
Start importing Assets/Models/cthulhu.fbx using Guid(595248dccbaf4d145b8c4ad4ce2eba64) Importer(2089858483,934ff659095e30574adcf32a4c2f97b5)  -> (artifact id: 'e1e6e77409d5b1b7d2390d53a7b02cbf') in 0.048503 seconds 
========================================================================
Received Import Request.
  Time since last request: 0.000121 seconds.
  path: Assets/Models/Materials/DeepSpaceSkyboxPack/GalaxyFire/Galaxy Fire Skybox Readme.txt
  artifactKey: Guid(469e99eb77f6842e7bad673f0d1215bf) Importer(2089858483,934ff659095e30574adcf32a4c2f97b5)
Start importing Assets/Models/Materials/DeepSpaceSkyboxPack/GalaxyFire/Galaxy Fire Skybox Readme.txt using Guid(469e99eb77f6842e7bad673f0d1215bf) Importer(2089858483,934ff659095e30574adcf32a4c2f97b5)  -> (artifact id: 'f824b3afcd7d61f9d940d0d3f986f77c') in 0.006996 seconds 
========================================================================
Received Import Request.
  Time since last request: 0.000171 seconds.
  path: Assets/Models/Materials/DeepSpaceSkyboxPack/GalacticGreen/Textures/galacticgreen_right.tif
  artifactKey: Guid(af49956db6ee9f94b9b4300a5b0e9008) Importer(2089858483,934ff659095e30574adcf32a4c2f97b5)
Start importing Assets/Models/Materials/DeepSpaceSkyboxPack/GalacticGreen/Textures/galacticgreen_right.tif using Guid(af49956db6ee9f94b9b4300a5b0e9008) Importer(2089858483,934ff659095e30574adcf32a4c2f97b5)  -> (artifact id: '70e1368c569a315ff758aebc6bada3f3') in 0.007336 seconds 
========================================================================
Received Import Request.
  Time since last request: 0.000169 seconds.
  path: Assets/Models/Materials/DeepSpaceSkyboxPack/GalaxyFire/Textures/front_galaxyfire.tif
  artifactKey: Guid(f689d46fa2a6e254abad7c15b73c3f4a) Importer(2089858483,934ff659095e30574adcf32a4c2f97b5)
Start importing Assets/Models/Materials/DeepSpaceSkyboxPack/GalaxyFire/Textures/front_galaxyfire.tif using Guid(f689d46fa2a6e254abad7c15b73c3f4a) Importer(2089858483,934ff659095e30574adcf32a4c2f97b5)  -> (artifact id: 'f4586e4e3a88e5fc1ba9c9c1d4bf859a') in 0.007084 seconds 
========================================================================
Received Import Request.
  Time since last request: 0.000181 seconds.
  path: Assets/Scenes/CathuluButInSpace.unity
  artifactKey: Guid(9fc0d4010bbf28b4594072e72b8655ab) Importer(2089858483,934ff659095e30574adcf32a4c2f97b5)
Start importing Assets/Scenes/CathuluButInSpace.unity using Guid(9fc0d4010bbf28b4594072e72b8655ab) Importer(2089858483,934ff659095e30574adcf32a4c2f97b5)  -> (artifact id: '0677ddb07f302901e0a66a6ed59c321d') in 0.006234 seconds 
========================================================================
Received Import Request.
  Time since last request: 0.000176 seconds.
  path: Assets/Models/Ship.prefab
  artifactKey: Guid(94c56483eb3e3f14c8eaf4e7f8b6d4e8) Importer(2089858483,934ff659095e30574adcf32a4c2f97b5)
Start importing Assets/Models/Ship.prefab using Guid(94c56483eb3e3f14c8eaf4e7f8b6d4e8) Importer(2089858483,934ff659095e30574adcf32a4c2f97b5)  -> (artifact id: '18c2ae85b4dbe55f1fbf57788443fa53') in 0.007562 seconds 
========================================================================
Received Import Request.
  Time since last request: 0.000193 seconds.
  path: Assets/Scripts/GameManager.cs
  artifactKey: Guid(b386da4449fd6464fa27679cbcbd2a11) Importer(2089858483,934ff659095e30574adcf32a4c2f97b5)
Start importing Assets/Scripts/GameManager.cs using Guid(b386da4449fd6464fa27679cbcbd2a11) Importer(2089858483,934ff659095e30574adcf32a4c2f97b5)  -> (artifact id: 'cc86987f67dec717be99e88907a92267') in 0.006019 seconds 
========================================================================
Received Import Request.
  Time since last request: 0.000191 seconds.
  path: Assets/Models/Missle.prefab
  artifactKey: Guid(3a31adb510926d145a15c1b964cbf2bc) Importer(2089858483,934ff659095e30574adcf32a4c2f97b5)
Start importing Assets/Models/Missle.prefab using Guid(3a31adb510926d145a15c1b964cbf2bc) Importer(2089858483,934ff659095e30574adcf32a4c2f97b5)  -> (artifact id: '09fdbe531c02d0651e6a39e8b405a56c') in 0.006011 seconds 
========================================================================
Received Import Request.
  Time since last request: 0.000129 seconds.
  path: Assets/Models/Materials/DeepSpaceSkyboxPack/DiverseSpace/Textures/diversespace-down.tif
  artifactKey: Guid(fa631bed8c5ce2043816f9b7e09bc255) Importer(2089858483,934ff659095e30574adcf32a4c2f97b5)
Start importing Assets/Models/Materials/DeepSpaceSkyboxPack/DiverseSpace/Textures/diversespace-down.tif using Guid(fa631bed8c5ce2043816f9b7e09bc255) Importer(2089858483,934ff659095e30574adcf32a4c2f97b5)  -> (artifact id: 'd953c19895ade5cf83aecab6f2f3bae2') in 0.006738 seconds 
========================================================================
Received Import Request.
  Time since last request: 0.000124 seconds.
  path: Assets/Models/Materials/DeepSpaceSkyboxPack/GalacticGreen/Textures/galacticgreen_down.tif
  artifactKey: Guid(88884f13580cfce4caf6b582ef47bd54) Importer(2089858483,934ff659095e30574adcf32a4c2f97b5)
Start importing Assets/Models/Materials/DeepSpaceSkyboxPack/GalacticGreen/Textures/galacticgreen_down.tif using Guid(88884f13580cfce4caf6b582ef47bd54) Importer(2089858483,934ff659095e30574adcf32a4c2f97b5)  -> (artifact id: '11c6c10d41f2836c2810e9f997f48045') in 0.006209 seconds 
========================================================================
Received Import Request.
  Time since last request: 0.000116 seconds.
  path: Assets/Models/Materials/DeepSpaceSkyboxPack/GalaxyFire/Material/GalaxyFireMaterial.mat
  artifactKey: Guid(69e10e886d52d20478f9ed5424126be8) Importer(2089858483,934ff659095e30574adcf32a4c2f97b5)
Start importing Assets/Models/Materials/DeepSpaceSkyboxPack/GalaxyFire/Material/GalaxyFireMaterial.mat using Guid(69e10e886d52d20478f9ed5424126be8) Importer(2089858483,934ff659095e30574adcf32a4c2f97b5)  -> (artifact id: 'dd047fa0eb3ce36eb195f0f6ea74ce73') in 0.007695 seconds 
========================================================================
Received Import Request.
  Time since last request: 0.000167 seconds.
  path: Assets/Models/Materials/DeepSpaceSkyboxPack/GalacticGreen/Material/GalacticGreenMaterial.mat
  artifactKey: Guid(42eaf2c5dbb13dc498f15df5a5b05fda) Importer(2089858483,934ff659095e30574adcf32a4c2f97b5)
Start importing Assets/Models/Materials/DeepSpaceSkyboxPack/GalacticGreen/Material/GalacticGreenMaterial.mat using Guid(42eaf2c5dbb13dc498f15df5a5b05fda) Importer(2089858483,934ff659095e30574adcf32a4c2f97b5)  -> (artifact id: '9792df10dd88667b8547ff736a9c643f') in 0.006239 seconds 
========================================================================
Received Import Request.
  Time since last request: 0.000171 seconds.
  path: Assets/Scripts/CameraController.cs
  artifactKey: Guid(d7113852a85071a439680221717dfb43) Importer(2089858483,934ff659095e30574adcf32a4c2f97b5)
Start importing Assets/Scripts/CameraController.cs using Guid(d7113852a85071a439680221717dfb43) Importer(2089858483,934ff659095e30574adcf32a4c2f97b5)  -> (artifact id: '7645ed55a46aa3a63aec37319306a968') in 0.006852 seconds 
========================================================================
Received Import Request.
  Time since last request: 0.000127 seconds.
  path: Assets/Models/Materials/DeepSpaceSkyboxPack/GalaxyFire/Galaxy Fire Skybox Readme.txt
  artifactKey: Guid(469e99eb77f6842e7bad673f0d1215bf) Importer(815301076,1909f56bfc062723c751e8b465ee728b)
Start importing Assets/Models/Materials/DeepSpaceSkyboxPack/GalaxyFire/Galaxy Fire Skybox Readme.txt using Guid(469e99eb77f6842e7bad673f0d1215bf) Importer(815301076,1909f56bfc062723c751e8b465ee728b)  -> (artifact id: '73a2c2176db5a32d032673f69b081aa1') in 0.009744 seconds 
========================================================================
Received Import Request.
  Time since last request: 0.000158 seconds.
  path: Assets/Models/Materials/DeepSpaceSkyboxPack/DiverseSpace/Diverse Space Skybox Readme.txt
  artifactKey: Guid(0878d65f7c41c42e5856cbe16888f23f) Importer(815301076,1909f56bfc062723c751e8b465ee728b)
Start importing Assets/Models/Materials/DeepSpaceSkyboxPack/DiverseSpace/Diverse Space Skybox Readme.txt using Guid(0878d65f7c41c42e5856cbe16888f23f) Importer(815301076,1909f56bfc062723c751e8b465ee728b)  -> (artifact id: '98f359a165013aec5ba2bf4ecd325ef0') in 0.007521 seconds 
========================================================================
Received Import Request.
  Time since last request: 0.000130 seconds.
  path: Assets/Models/Materials/DeepSpaceSkyboxPack/GalacticGreen/Galactic Green Skybox Readme.txt
  artifactKey: Guid(eb02bb8cc0a93934b9973a75964dc501) Importer(815301076,1909f56bfc062723c751e8b465ee728b)
Start importing Assets/Models/Materials/DeepSpaceSkyboxPack/GalacticGreen/Galactic Green Skybox Readme.txt using Guid(eb02bb8cc0a93934b9973a75964dc501) Importer(815301076,1909f56bfc062723c751e8b465ee728b)  -> (artifact id: '0e84786f7e993c20abb046b8ff268eac') in 0.004459 seconds 
========================================================================
Received Import Request.
  Time since last request: 0.000150 seconds.
  path: Assets/Models/Materials/Asteroid.mat
  artifactKey: Guid(ffcfce98233650b4bbaae15238106533) Importer(2089858483,934ff659095e30574adcf32a4c2f97b5)
Start importing Assets/Models/Materials/Asteroid.mat using Guid(ffcfce98233650b4bbaae15238106533) Importer(2089858483,934ff659095e30574adcf32a4c2f97b5)  -> (artifact id: 'c727ddf96a56f0da089ac710f20ffbe8') in 0.005646 seconds 
========================================================================
Received Import Request.
  Time since last request: 0.000159 seconds.
  path: Assets/Models/Materials/DeepSpaceSkyboxPack/GalaxyFire/Textures/left_galaxyfire.tif
  artifactKey: Guid(34d6675f7f1177449a86d4df11c6bf49) Importer(2089858483,934ff659095e30574adcf32a4c2f97b5)
Start importing Assets/Models/Materials/DeepSpaceSkyboxPack/GalaxyFire/Textures/left_galaxyfire.tif using Guid(34d6675f7f1177449a86d4df11c6bf49) Importer(2089858483,934ff659095e30574adcf32a4c2f97b5)  -> (artifact id: '85373c8d45945f391c55033acbf3a8de') in 0.007420 seconds 
========================================================================
Received Import Request.
  Time since last request: 0.000117 seconds.
  path: Assets/Models/Materials/DeepSpaceSkyboxPack/DiverseSpace/Textures/diversespace-front.tif
  artifactKey: Guid(52915f992843f8247b7efd2a65b1b998) Importer(2089858483,934ff659095e30574adcf32a4c2f97b5)
Start importing Assets/Models/Materials/DeepSpaceSkyboxPack/DiverseSpace/Textures/diversespace-front.tif using Guid(52915f992843f8247b7efd2a65b1b998) Importer(2089858483,934ff659095e30574adcf32a4c2f97b5)  -> (artifact id: 'a4efcfe88b24ffe9f309645717cfceef') in 0.005992 seconds 
========================================================================
Received Import Request.
  Time since last request: 16.428144 seconds.
  path: Assets/Scripts/CameraController.cs
  artifactKey: Guid(d7113852a85071a439680221717dfb43) Importer(815301076,1909f56bfc062723c751e8b465ee728b)
Start importing Assets/Scripts/CameraController.cs using Guid(d7113852a85071a439680221717dfb43) Importer(815301076,1909f56bfc062723c751e8b465ee728b)  -> (artifact id: '7f464b71338e4d304cadb42132bc19ff') in 0.005286 seconds 
========================================================================
Received Prepare
Registering precompiled user dll's ...
Registered in 0.004423 seconds.
Begin MonoManager ReloadAssembly
Native extension for WindowsStandalone target not found
Refreshing native plugins compatible for Editor in 0.72 ms, found 3 plugins.
Preloading 0 native plugins for Editor in 0.00 ms.
Mono: successfully reloaded assembly
- Completed reload, in  0.956 seconds
Domain Reload Profiling:
	ReloadAssembly (956ms)
		BeginReloadAssembly (115ms)
			ExecutionOrderSort (0ms)
			DisableScriptedObjects (4ms)
			BackupInstance (0ms)
			ReleaseScriptingObjects (0ms)
			CreateAndSetChildDomain (32ms)
		EndReloadAssembly (794ms)
			LoadAssemblies (74ms)
			RebuildTransferFunctionScriptingTraits (0ms)
			SetupTypeCache (274ms)
			ReleaseScriptCaches (1ms)
			RebuildScriptCaches (35ms)
			SetupLoadedEditorAssemblies (327ms)
				LogAssemblyErrors (0ms)
				InitializePlatformSupportModulesInManaged (4ms)
				SetLoadedEditorAssemblies (0ms)
				RefreshPlugins (1ms)
				BeforeProcessingInitializeOnLoad (44ms)
				ProcessInitializeOnLoadAttributes (269ms)
				ProcessInitializeOnLoadMethodAttributes (4ms)
				AfterProcessingInitializeOnLoad (5ms)
				EditorAssembliesLoaded (0ms)
			ExecutionOrderSort2 (0ms)
			AwakeInstancesAfterBackupRestoration (6ms)
Platform modules already initialized, skipping
Refreshing native plugins compatible for Editor in 0.65 ms, found 3 plugins.
Preloading 0 native plugins for Editor in 0.00 ms.
Unloading 3398 Unused Serialized files (Serialized files now loaded: 0)
System memory in use before: 124.2 MB.
System memory in use after: 124.5 MB.

Unloading 18 unused Assets to reduce memory usage. Loaded Objects now: 3855.
Total: 3.264100 ms (FindLiveObjects: 0.264100 ms CreateObjectMapping: 0.142700 ms MarkObjects: 2.840600 ms  DeleteObjects: 0.016000 ms)

AssetImportParameters requested are different than current active one (requested -> active):
  custom:framework-win-MediaFoundation: 216162199b28c13a410421893ffa2e32 -> 
  custom:video-decoder-ogg-theora: a1e56fd34408186e4bbccfd4996cb3dc -> 
  custom:container-muxer-webm: aa71ff27fc2769a1b78a27578f13a17b -> 
  custom:container-demuxer-webm: 4f35f7cbe854078d1ac9338744f61a02 -> 
  custom:container-demuxer-ogg: 62fdf1f143b41e24485cea50d1cbac27 -> 
  custom:video-encoder-webm-vp8: eb34c28f22e8b96e1ab97ce403110664 -> 
  custom:video-decoder-webm-vp8: 9c59270c3fd7afecdb556c50c9e8de78 -> 
  custom:audio-decoder-ogg-vorbis: bf7c407c2cedff20999df2af8eb42d56 -> 
  custom:audio-encoder-webm-vorbis: bf7c407c2cedff20999df2af8eb42d56 -> 
========================================================================
Received Prepare
Registering precompiled user dll's ...
Registered in 0.004460 seconds.
Begin MonoManager ReloadAssembly
Native extension for WindowsStandalone target not found
Refreshing native plugins compatible for Editor in 0.58 ms, found 3 plugins.
Preloading 0 native plugins for Editor in 0.00 ms.
Mono: successfully reloaded assembly
- Completed reload, in  0.928 seconds
Domain Reload Profiling:
	ReloadAssembly (928ms)
		BeginReloadAssembly (99ms)
			ExecutionOrderSort (0ms)
			DisableScriptedObjects (4ms)
			BackupInstance (0ms)
			ReleaseScriptingObjects (0ms)
			CreateAndSetChildDomain (29ms)
		EndReloadAssembly (782ms)
			LoadAssemblies (73ms)
			RebuildTransferFunctionScriptingTraits (0ms)
			SetupTypeCache (269ms)
			ReleaseScriptCaches (1ms)
			RebuildScriptCaches (34ms)
			SetupLoadedEditorAssemblies (328ms)
				LogAssemblyErrors (0ms)
				InitializePlatformSupportModulesInManaged (4ms)
				SetLoadedEditorAssemblies (0ms)
				RefreshPlugins (1ms)
				BeforeProcessingInitializeOnLoad (42ms)
				ProcessInitializeOnLoadAttributes (272ms)
				ProcessInitializeOnLoadMethodAttributes (4ms)
				AfterProcessingInitializeOnLoad (5ms)
				EditorAssembliesLoaded (0ms)
			ExecutionOrderSort2 (0ms)
			AwakeInstancesAfterBackupRestoration (6ms)
Platform modules already initialized, skipping
Refreshing native plugins compatible for Editor in 0.60 ms, found 3 plugins.
Preloading 0 native plugins for Editor in 0.00 ms.
Unloading 3398 Unused Serialized files (Serialized files now loaded: 0)
System memory in use before: 124.3 MB.
System memory in use after: 124.5 MB.

Unloading 18 unused Assets to reduce memory usage. Loaded Objects now: 3857.
Total: 2.926300 ms (FindLiveObjects: 0.247200 ms CreateObjectMapping: 0.151800 ms MarkObjects: 2.511600 ms  DeleteObjects: 0.014800 ms)

AssetImportParameters requested are different than current active one (requested -> active):
  custom:framework-win-MediaFoundation: 216162199b28c13a410421893ffa2e32 -> 
  custom:video-decoder-ogg-theora: a1e56fd34408186e4bbccfd4996cb3dc -> 
  custom:container-muxer-webm: aa71ff27fc2769a1b78a27578f13a17b -> 
  custom:container-demuxer-webm: 4f35f7cbe854078d1ac9338744f61a02 -> 
  custom:container-demuxer-ogg: 62fdf1f143b41e24485cea50d1cbac27 -> 
  custom:video-encoder-webm-vp8: eb34c28f22e8b96e1ab97ce403110664 -> 
  custom:video-decoder-webm-vp8: 9c59270c3fd7afecdb556c50c9e8de78 -> 
  custom:audio-decoder-ogg-vorbis: bf7c407c2cedff20999df2af8eb42d56 -> 
  custom:audio-encoder-webm-vorbis: bf7c407c2cedff20999df2af8eb42d56 -> 
AssetImportWorkerClient::OnTransportError - code=2 error=End of file
